Arguments: 
  /Users/afrf/.nvm/versions/node/v12.4.0/bin/node /usr/local/Cellar/yarn/1.19.0/libexec/bin/yarn.js

PATH: 
  /Users/afrf/.nvm/versions/node/v12.4.0/bin:/usr/local/share/android-sdk/platform-tools:/usr/local/share/android-sdk/tools:/usr/local/bin:/usr/bin:/bin:/usr/sbin:/sbin:/usr/local/MacGPG2/bin:/Library/Frameworks/Mono.framework/Versions/Current/Commands

Yarn version: 
  1.19.0

Node version: 
  12.4.0

Platform: 
  darwin x64

Trace: 
  SyntaxError: /Users/afrf/Desktop/monorepo-react-rn/packages/shared/package.json: Unexpected token } in JSON at position 428
      at JSON.parse (<anonymous>)
      at /usr/local/Cellar/yarn/1.19.0/libexec/lib/cli.js:1625:59
      at Generator.next (<anonymous>)
      at step (/usr/local/Cellar/yarn/1.19.0/libexec/lib/cli.js:304:30)
      at /usr/local/Cellar/yarn/1.19.0/libexec/lib/cli.js:315:13

npm manifest: 
  {
    "name": "shared",
    "version": "1.0.0",
    "description": "Shared lib",
    "main": "index.js",
    "scripts": {
      "test": "echo \"Error: no test specified\" && exit 1"
    },
    "dependencies": {
      
      "react-redux": "^5.0.7",
      "redux": "^3.6.0",
      "redux-devtools-extension": "^2.13.2",
      "redux-logger": "^3.0.1",
      "redux-react-session": "^2.6.0",
      "redux-starter-kit": "^0.7.0",
      "redux-thunk": "^2.3.0",
    },
    "author": "",
    "license": "ISC"
  }

yarn manifest: 
  No manifest

Lockfile: 
  No lockfile
