Arguments: 
  /Users/afrf/.nvm/versions/node/v12.4.0/bin/node /usr/local/Cellar/yarn/1.19.0/libexec/bin/yarn.js add @react-native-community/async-storage

PATH: 
  /Users/afrf/.nvm/versions/node/v12.4.0/bin:/usr/local/share/android-sdk/platform-tools:/usr/local/share/android-sdk/tools:/usr/local/bin:/usr/bin:/bin:/usr/sbin:/sbin:/usr/local/MacGPG2/bin:/Library/Frameworks/Mono.framework/Versions/Current/Commands

Yarn version: 
  1.19.0

Node version: 
  12.4.0

Platform: 
  darwin x64

Trace: 
  SyntaxError: /Users/afrf/Desktop/WORKING MOBILE2/package.json: Unexpected token } in JSON at position 465
      at JSON.parse (<anonymous>)
      at /usr/local/Cellar/yarn/1.19.0/libexec/lib/cli.js:1625:59
      at Generator.next (<anonymous>)
      at step (/usr/local/Cellar/yarn/1.19.0/libexec/lib/cli.js:304:30)
      at /usr/local/Cellar/yarn/1.19.0/libexec/lib/cli.js:315:13

npm manifest: 
  {
    "name": "helicopter",
    "main": "__generated__/AppEntry.js",
    "version": "1.0.0",
    "private": true,
    "scripts": {
      "start": "expo start",
      "postinstall": "expo-yarn-workspaces postinstall",
      "android": "expo start --android",
      "ios": "expo start --ios",
      "eject": "expo eject",
      "test": "node ./node_modules/jest/bin/jest.js --watchAll"
    },
    "jest": {
      "preset": "jest-expo"
    },
    "dependencies": {
      "@expo/samples": "2.1.1",
      "expo": "35.0.0",
      "react": "16.8.3",
      "react-dom": "16.8.3",
      "react-native": "https://github.com/expo/react-native/archive/sdk-35.0.0.tar.gz",
      "react-native-gesture-handler": "~1.0.14",
      "react-navigation": "^4.0.10",
      "react-redux": "^7.1.1",
      "react-router-redux": "^4.0.8",
      "redux": "^4.0.4",
      "redux-logger": "^3.0.6",
      "redux-persist": "^6.0.0",
      "redux-thunk": "^2.3.0",
      "shared": "1.0.0"
    },
    "devDependencies": {
      "jest-expo": "30.0.0",
      "schedule": "0.4.0"
    }
  }

yarn manifest: 
  No manifest

Lockfile: 
  No lockfile
